1.643916606903076172e+00
1.085283398628234863e+00
9.839069843292236328e-01
9.534131288528442383e-01
9.039481282234191895e-01
8.904449939727783203e-01
8.767307996749877930e-01
8.562659621238708496e-01
8.586730957031250000e-01
8.453547954559326172e-01
8.512257337570190430e-01
8.552101850509643555e-01
8.360850214958190918e-01
8.099295496940612793e-01
8.056117296218872070e-01
7.905781269073486328e-01
8.027148246765136719e-01
7.970919013023376465e-01
7.883499264717102051e-01
7.888275384902954102e-01
7.777398228645324707e-01
7.948275804519653320e-01
7.748919129371643066e-01
7.719392180442810059e-01
7.824769020080566406e-01
